<?xml version="1.0" encoding="UTF-8"?>
<testng-results skipped="0" failed="0" ignored="0" total="1" passed="1">
  <reporter-output>
  </reporter-output>
  <suite name="Default suite" duration-ms="4266" started-at="2019-06-02T17:48:50Z" finished-at="2019-06-02T17:48:54Z">
    <groups>
    </groups>
    <test name="Default test" duration-ms="4266" started-at="2019-06-02T17:48:50Z" finished-at="2019-06-02T17:48:54Z">
      <class name="BrokenLinks.ReadingPopertyFile">
        <test-method status="PASS" signature="readFile()[pri:0, instance:BrokenLinks.ReadingPopertyFile@5034c75a]" name="readFile" duration-ms="4249" started-at="2019-06-02T17:48:50Z" finished-at="2019-06-02T17:48:54Z">
          <reporter-output>
          </reporter-output>
        </test-method> <!-- readFile -->
      </class> <!-- BrokenLinks.ReadingPopertyFile -->
    </test> <!-- Default test -->
  </suite> <!-- Default suite -->
</testng-results>
